<?xml version="1.0" encoding="UTF-8"?>
<!-- Generated by org.testng.reporters.JUnitReportReporter -->
<testsuite hostname="lenovo_x380" failures="0" tests="4" name="com.Amazokart.regester.test.RegisterTest" time="23.153" errors="0" timestamp="2024-08-09T11:17:54 IST" skipped="1">
  <testcase classname="com.Amazokart.regester.test.RegisterTest" name="createUser_invalidData" time="7.733"/>
  <system-out>
    <![CDATA[createUser_invalid for registerTest]]>
  </system-out>
  <testcase classname="com.Amazokart.regester.test.RegisterTest" name="createUser_invalidData" time="7.622"/>
  <system-out>
    <![CDATA[createUser_invalid for registerTest]]>
  </system-out>
  <testcase classname="com.Amazokart.regester.test.RegisterTest" name="createUser_invalidData" time="7.798"/>
  <system-out>
    <![CDATA[createUser_invalid for registerTest]]>
  </system-out>
  <testcase classname="com.Amazokart.regester.test.RegisterTest" name="createUser">
    <skipped/>
  </testcase> <!-- createUser -->
  <system-out/>
</testsuite> <!-- com.Amazokart.regester.test.RegisterTest -->
