<?xml version="1.0" encoding="UTF-8"?>
<!-- Generated by org.testng.reporters.JUnitReportReporter -->
<testsuite hostname="lenovo_x380" failures="0" tests="15" name="com.Amazokart.kidsproducttest.KidsProductTest2" time="0.020" errors="0" timestamp="2024-08-08T10:50:35 IST" skipped="3">
  <testcase classname="com.Amazokart.kidsproducttest.KidsProductTest2" name="updateproduct" time="0.002"/>
  <system-out>
    <![CDATA[updateproduct--Kids PRD 2 sucessfuly]]>
  </system-out>
  <testcase classname="com.Amazokart.kidsproducttest.KidsProductTest2" name="updateproduct" time="0.001"/>
  <system-out>
    <![CDATA[updateproduct--Kids PRD 2 sucessfuly]]>
  </system-out>
  <testcase classname="com.Amazokart.kidsproducttest.KidsProductTest2" name="updateproduct" time="0.001"/>
  <system-out>
    <![CDATA[updateproduct--Kids PRD 2 sucessfuly]]>
  </system-out>
  <testcase classname="com.Amazokart.kidsproducttest.KidsProductTest2" name="updateproduct" time="0.001"/>
  <system-out>
    <![CDATA[updateproduct--Kids PRD 2 sucessfuly]]>
  </system-out>
  <testcase classname="com.Amazokart.kidsproducttest.KidsProductTest2" name="updateproduct" time="0.001"/>
  <system-out>
    <![CDATA[updateproduct--Kids PRD 2 sucessfuly]]>
  </system-out>
  <testcase classname="com.Amazokart.kidsproducttest.KidsProductTest2" name="updateproduct" time="0.010"/>
  <system-out>
    <![CDATA[updateproduct--Kids PRD 2 sucessfuly]]>
  </system-out>
  <testcase classname="com.Amazokart.kidsproducttest.KidsProductTest2" name="deleteproduct" time="0.000"/>
  <system-out>
    <![CDATA[DeleteProduct--kids PRD 2 sucessfuly]]>
  </system-out>
  <testcase classname="com.Amazokart.kidsproducttest.KidsProductTest2" name="deleteproduct" time="0.001"/>
  <system-out>
    <![CDATA[DeleteProduct--kids PRD 2 sucessfuly]]>
  </system-out>
  <testcase classname="com.Amazokart.kidsproducttest.KidsProductTest2" name="deleteproduct" time="0.001"/>
  <system-out>
    <![CDATA[DeleteProduct--kids PRD 2 sucessfuly]]>
  </system-out>
  <testcase classname="com.Amazokart.kidsproducttest.KidsProductTest2" name="deleteproduct" time="0.001"/>
  <system-out>
    <![CDATA[DeleteProduct--kids PRD 2 sucessfuly]]>
  </system-out>
  <testcase classname="com.Amazokart.kidsproducttest.KidsProductTest2" name="deleteproduct" time="0.001"/>
  <system-out>
    <![CDATA[DeleteProduct--kids PRD 2 sucessfuly]]>
  </system-out>
  <testcase classname="com.Amazokart.kidsproducttest.KidsProductTest2" name="deleteproduct" time="0.000"/>
  <system-out>
    <![CDATA[DeleteProduct--kids PRD 2 sucessfuly]]>
  </system-out>
  <testcase classname="com.Amazokart.kidsproducttest.KidsProductTest2" name="addproduct">
    <skipped/>
  </testcase> <!-- addproduct -->
  <system-out/>
  <testcase classname="com.Amazokart.kidsproducttest.KidsProductTest2" name="addproduct">
    <skipped/>
  </testcase> <!-- addproduct -->
  <system-out/>
  <testcase classname="com.Amazokart.kidsproducttest.KidsProductTest2" name="addproduct">
    <skipped/>
  </testcase> <!-- addproduct -->
  <system-out/>
</testsuite> <!-- com.Amazokart.kidsproducttest.KidsProductTest2 -->
