<?xml version="1.0" encoding="UTF-8"?>
<!-- Generated by org.testng.reporters.JUnitReportReporter -->
<testsuite hostname="lenovo_x380" failures="0" tests="6" name="com.Amazokart.kidsproducttest.KidsProductTest4" time="0.007" errors="0" timestamp="2024-08-08T10:50:35 IST" skipped="0">
  <testcase classname="com.Amazokart.kidsproducttest.KidsProductTest4" name="updateproduct" time="0.002"/>
  <system-out>
    <![CDATA[updateproduct--Kids PRD 4 sucessfuly]]>
  </system-out>
  <testcase classname="com.Amazokart.kidsproducttest.KidsProductTest4" name="addproduct" time="0.001"/>
  <system-out>
    <![CDATA[Addproduct--kids PRD 4 sucessfully]]>
  </system-out>
  <testcase classname="com.Amazokart.kidsproducttest.KidsProductTest4" name="deleteproduct" time="0.001"/>
  <system-out>
    <![CDATA[DeleteProduct--kids PRD 4 sucessfuly]]>
  </system-out>
  <testcase classname="com.Amazokart.kidsproducttest.KidsProductTest4" name="updateproduct" time="0.000"/>
  <system-out>
    <![CDATA[updateproduct--Kids PRD 4 sucessfuly]]>
  </system-out>
  <testcase classname="com.Amazokart.kidsproducttest.KidsProductTest4" name="addproduct" time="0.002"/>
  <system-out>
    <![CDATA[Addproduct--kids PRD 4 sucessfully]]>
  </system-out>
  <testcase classname="com.Amazokart.kidsproducttest.KidsProductTest4" name="deleteproduct" time="0.001"/>
  <system-out>
    <![CDATA[DeleteProduct--kids PRD 4 sucessfuly]]>
  </system-out>
</testsuite> <!-- com.Amazokart.kidsproducttest.KidsProductTest4 -->
