<?xml version="1.0" encoding="UTF-8"?>
<!-- Generated by org.testng.reporters.JUnitReportReporter -->
<testsuite hostname="lenovo_x380" failures="0" tests="12" name="com.Amazokart.kidsproducttest.KidsProductTest1" time="0.008" errors="0" timestamp="2024-08-08T10:50:35 IST" skipped="3">
  <testcase classname="com.Amazokart.kidsproducttest.KidsProductTest1" name="addproduct" time="0.001"/>
  <system-out>
    <![CDATA[Addproduct--kids PRD 1 sucessfully]]>
  </system-out>
  <testcase classname="com.Amazokart.kidsproducttest.KidsProductTest1" name="addproduct" time="0.001"/>
  <system-out>
    <![CDATA[Addproduct--kids PRD 1 sucessfully]]>
  </system-out>
  <testcase classname="com.Amazokart.kidsproducttest.KidsProductTest1" name="addproduct" time="0.002"/>
  <system-out>
    <![CDATA[Addproduct--kids PRD 1 sucessfully]]>
  </system-out>
  <testcase classname="com.Amazokart.kidsproducttest.KidsProductTest1" name="addproduct" time="0.000"/>
  <system-out>
    <![CDATA[Addproduct--kids PRD 1 sucessfully]]>
  </system-out>
  <testcase classname="com.Amazokart.kidsproducttest.KidsProductTest1" name="addproduct" time="0.001"/>
  <system-out>
    <![CDATA[Addproduct--kids PRD 1 sucessfully]]>
  </system-out>
  <testcase classname="com.Amazokart.kidsproducttest.KidsProductTest1" name="addproduct" time="0.001"/>
  <system-out>
    <![CDATA[Addproduct--kids PRD 1 sucessfully]]>
  </system-out>
  <testcase classname="com.Amazokart.kidsproducttest.KidsProductTest1" name="updateproduct" time="0.000"/>
  <system-out>
    <![CDATA[updateproduct--Kids PRD 1 sucessfuly]]>
  </system-out>
  <testcase classname="com.Amazokart.kidsproducttest.KidsProductTest1" name="updateproduct" time="0.002"/>
  <system-out>
    <![CDATA[updateproduct--Kids PRD 1 sucessfuly]]>
  </system-out>
  <testcase classname="com.Amazokart.kidsproducttest.KidsProductTest1" name="updateproduct" time="0.000"/>
  <system-out>
    <![CDATA[updateproduct--Kids PRD 1 sucessfuly]]>
  </system-out>
  <testcase classname="com.Amazokart.kidsproducttest.KidsProductTest1" name="deleteproduct">
    <skipped/>
  </testcase> <!-- deleteproduct -->
  <system-out/>
  <testcase classname="com.Amazokart.kidsproducttest.KidsProductTest1" name="deleteproduct">
    <skipped/>
  </testcase> <!-- deleteproduct -->
  <system-out/>
  <testcase classname="com.Amazokart.kidsproducttest.KidsProductTest1" name="deleteproduct">
    <skipped/>
  </testcase> <!-- deleteproduct -->
  <system-out/>
</testsuite> <!-- com.Amazokart.kidsproducttest.KidsProductTest1 -->
